<?xml version="1.0" encoding="UTF-8"?>
<testng-results skipped="0" failed="0" ignored="0" total="1" passed="1">
  <reporter-output>
  </reporter-output>
  <suite name="Surefire suite" duration-ms="9917" started-at="2020-02-03T14:05:51 IST" finished-at="2020-02-03T14:06:01 IST">
    <groups>
    </groups>
    <test name="Surefire test" duration-ms="9917" started-at="2020-02-03T14:05:51 IST" finished-at="2020-02-03T14:06:01 IST">
      <class name="test.test.AppTest">
        <test-method status="PASS" signature="AppTestDemo()[pri:0, instance:test.test.AppTest@14bf9759]" name="AppTestDemo" duration-ms="9860" started-at="2020-02-03T14:05:51 IST" finished-at="2020-02-03T14:06:01 IST">
          <reporter-output>
          </reporter-output>
        </test-method> <!-- AppTestDemo -->
      </class> <!-- test.test.AppTest -->
    </test> <!-- Surefire test -->
  </suite> <!-- Surefire suite -->
</testng-results>
