<?xml version="1.0" encoding="UTF-8"?>
<testng-results ignored="0" total="1" passed="1" failed="0" skipped="0">
  <reporter-output>
  </reporter-output>
  <suite started-at="2020-02-01T00:25:49 IST" name="Sampleproj" finished-at="2020-02-01T00:26:01 IST" duration-ms="11994">
    <groups>
    </groups>
    <test started-at="2020-02-01T00:25:49 IST" name="learningjenkins" finished-at="2020-02-01T00:26:01 IST" duration-ms="11994">
      <class name="test.test.AppTest">
        <test-method signature="AppTestDemo()[pri:0, instance:test.test.AppTest@43ee72e6]" started-at="2020-02-01T00:25:49 IST" name="AppTestDemo" finished-at="2020-02-01T00:26:01 IST" duration-ms="11966" status="PASS">
          <reporter-output>
          </reporter-output>
        </test-method> <!-- AppTestDemo -->
      </class> <!-- test.test.AppTest -->
    </test> <!-- learningjenkins -->
  </suite> <!-- Sampleproj -->
</testng-results>
